22:15:06 **** Incremental Build of configuration Nios II for project ddaa ****
make all 
Info: Building ../ddaa_bsp/
C:/intelFPGA_lite/18.1/nios2eds/bin/gnu/H-x86_64-mingw32/bin/make --no-print-directory -C ../ddaa_bsp/
[BSP build complete]
Info: Compiling hello_world.c to obj/default/hello_world.o
nios2-elf-gcc -xc -MP -MMD -c -I../ddaa_bsp//HAL/inc -I../ddaa_bsp/ -I../ddaa_bsp//drivers/inc  -pipe -D__hal__ -DALT_NO_INSTRUCTION_EMULATION -DALT_SINGLE_THREADED    -O0 -g -Wall   -mhw-div -mhw-mul -mno-hw-mulx -mgpopt=global  -o obj/default/hello_world.o hello_world.c
hello_world.c: In function 'main':
hello_world.c:41:20: warning: initialization makes integer from pointer without a cast [-Wint-conversion]
  unsigned char a = "hello";
                    ^
hello_world.c:54:40: warning: passing argument 2 of 'alt_up_char_buffer_draw' makes integer from pointer without a cast [-Wint-conversion]
  alt_up_char_buffer_draw(char_buf_dev, "hhhhhhhhh",10, 10);
                                        ^
In file included from hello_world.c:17:0:
../ddaa_bsp//drivers/inc/altera_up_avalon_video_character_buffer_with_dma.h:71:5: note: expected 'unsigned char' but argument is of type 'char *'
 int alt_up_char_buffer_draw(alt_up_char_buffer_dev *char_buffer, unsigned char ch, 
     ^
hello_world.c:31:2: warning: 'char_buf_dev' is used uninitialized in this function [-Wuninitialized]
  alt_up_char_buffer_init(char_buf_dev);
  ^
Info: Linking ddaa.elf
nios2-elf-g++  -T'../ddaa_bsp//linker.x' -msys-crt0='../ddaa_bsp//obj/HAL/src/crt0.o' -msys-lib=hal_bsp -L../ddaa_bsp/   -Wl,-Map=ddaa.map   -O0 -g -Wall   -mhw-div -mhw-mul -mno-hw-mulx -mgpopt=global  -o ddaa.elf obj/default/hello_world.o -lm -msys-lib=m
obj/default/hello_world.o: In function `main':
C:\Users\Afshin\Desktop\vga\p1\software\ddaa/hello_world.c:31: undefined reference to `alt_up_char_buffer_init'
C:\Users\Afshin\Desktop\vga\p1\software\ddaa/hello_world.c:32: undefined reference to `alt_up_char_buffer_open_dev'
C:\Users\Afshin\Desktop\vga\p1\software\ddaa/hello_world.c:53: undefined reference to `alt_up_char_buffer_draw'
C:\Users\Afshin\Desktop\vga\p1\software\ddaa/hello_world.c:54: undefined reference to `alt_up_char_buffer_draw'
C:\Users\Afshin\Desktop\vga\p1\software\ddaa/hello_world.c:59: undefined reference to `alt_up_char_buffer_clear'
C:\Users\Afshin\Desktop\vga\p1\software\ddaa/hello_world.c:60: undefined reference to `alt_up_char_buffer_draw'
C:\Users\Afshin\Desktop\vga\p1\software\ddaa/hello_world.c:61: undefined reference to `alt_up_char_buffer_draw'
C:\Users\Afshin\Desktop\vga\p1\software\ddaa/hello_world.c:62: undefined reference to `alt_up_char_buffer_draw'
C:\Users\Afshin\Desktop\vga\p1\software\ddaa/hello_world.c:63: undefined reference to `alt_up_char_buffer_draw'
C:\Users\Afshin\Desktop\vga\p1\software\ddaa/hello_world.c:64: undefined reference to `alt_up_char_buffer_string'
C:\Users\Afshin\Desktop\vga\p1\software\ddaa/hello_world.c:65: undefined reference to `alt_up_char_buffer_string'
collect2.exe: error: ld returned 1 exit status
make: *** [ddaa.elf] Error 1

22:15:07 Build Finished (took 1s.442ms)

