Flow report for vga1
Tue Jan 17 20:40:35 2023
Quartus Prime Version 18.1.0 Build 625 09/12/2018 SJ Lite Edition


---------------------
; Table of Contents ;
---------------------
  1. Legal Notice
  2. Flow Summary
  3. Flow Settings
  4. Flow Non-Default Global Settings
  5. Flow Elapsed Time
  6. Flow OS Summary
  7. Flow Log
  8. Flow Messages
  9. Flow Suppressed Messages



----------------
; Legal Notice ;
----------------
Copyright (C) 2018  Intel Corporation. All rights reserved.
Your use of Intel Corporation's design tools, logic functions 
and other software and tools, and its AMPP partner logic 
functions, and any output files from any of the foregoing 
(including device programming or simulation files), and any 
associated documentation or information are expressly subject 
to the terms and conditions of the Intel Program License 
Subscription Agreement, the Intel Quartus Prime License Agreement,
the Intel FPGA IP License Agreement, or other applicable license
agreement, including, without limitation, that your use is for
the sole purpose of programming logic devices manufactured by
Intel and sold by Intel or its authorized distributors.  Please
refer to the applicable agreement for further details.



+----------------------------------------------------------------------------------+
; Flow Summary                                                                     ;
+------------------------------------+---------------------------------------------+
; Flow Status                        ; Successful - Tue Jan 17 20:40:35 2023       ;
; Quartus Prime Version              ; 18.1.0 Build 625 09/12/2018 SJ Lite Edition ;
; Revision Name                      ; vga1                                        ;
; Top-level Entity Name              ; DE10_LITE_Golden_Top                        ;
; Family                             ; MAX 10                                      ;
; Device                             ; 10M50DAF484C6GES                            ;
; Timing Models                      ; Preliminary                                 ;
; Total logic elements               ; 6,719 / 49,760 ( 14 % )                     ;
;     Total combinational functions  ; 6,022 / 49,760 ( 12 % )                     ;
;     Dedicated logic registers      ; 4,011 / 49,760 ( 8 % )                      ;
; Total registers                    ; 4080                                        ;
; Total pins                         ; 130 / 360 ( 36 % )                          ;
; Total virtual pins                 ; 0                                           ;
; Total memory bits                  ; 989,824 / 1,677,312 ( 59 % )                ;
; Embedded Multiplier 9-bit elements ; 6 / 288 ( 2 % )                             ;
; Total PLLs                         ; 1 / 4 ( 25 % )                              ;
; UFM blocks                         ; 0 / 1 ( 0 % )                               ;
; ADC blocks                         ; 0 / 2 ( 0 % )                               ;
+------------------------------------+---------------------------------------------+


+-----------------------------------------+
; Flow Settings                           ;
+-------------------+---------------------+
; Option            ; Setting             ;
+-------------------+---------------------+
; Start date & time ; 01/17/2023 20:37:20 ;
; Main task         ; Compilation         ;
; Revision Name     ; vga1                ;
+-------------------+---------------------+


+---------------------------------------------------------------------------------------------------------------------------------------------------------------+
; Flow Non-Default Global Settings                                                                                                                              ;
+-------------------------------------+--------------------------------------------------------+---------------+----------------------+-------------------------+
; Assignment Name                     ; Value                                                  ; Default Value ; Entity Name          ; Section Id              ;
+-------------------------------------+--------------------------------------------------------+---------------+----------------------+-------------------------+
; COMPILER_SIGNATURE_ID               ; 1096177437882.167398783906128                          ; --            ; --                   ; --                      ;
; EDA_DESIGN_ENTRY_SYNTHESIS_TOOL     ; Precision Synthesis                                    ; <None>        ; --                   ; --                      ;
; EDA_INPUT_DATA_FORMAT               ; Vqm                                                    ; --            ; --                   ; eda_design_synthesis    ;
; EDA_LMF_FILE                        ; mentor.lmf                                             ; --            ; --                   ; eda_design_synthesis    ;
; EDA_OUTPUT_DATA_FORMAT              ; None                                                   ; --            ; --                   ; eda_board_design_timing ;
; EDA_OUTPUT_DATA_FORMAT              ; None                                                   ; --            ; --                   ; eda_simulation          ;
; EDA_RUN_TOOL_AUTOMATICALLY          ; Off                                                    ; --            ; --                   ; eda_design_synthesis    ;
; EDA_TIME_SCALE                      ; 1 ps                                                   ; --            ; --                   ; eda_simulation          ;
; MAX_CORE_JUNCTION_TEMP              ; 85                                                     ; --            ; --                   ; --                      ;
; MIN_CORE_JUNCTION_TEMP              ; 0                                                      ; --            ; --                   ; --                      ;
; MISC_FILE                           ; soc1/synthesis/../soc1.cmp                             ; --            ; --                   ; --                      ;
; MISC_FILE                           ; soc1/synthesis/../../soc1.qsys                         ; --            ; --                   ; --                      ;
; OUTPUT_IO_TIMING_FAR_END_VMEAS      ; Half Signal Swing                                      ; --            ; --                   ; --                      ;
; OUTPUT_IO_TIMING_FAR_END_VMEAS      ; Half Signal Swing                                      ; --            ; --                   ; --                      ;
; OUTPUT_IO_TIMING_NEAR_END_VMEAS     ; Half Vccio                                             ; --            ; --                   ; --                      ;
; OUTPUT_IO_TIMING_NEAR_END_VMEAS     ; Half Vccio                                             ; --            ; --                   ; --                      ;
; PARTITION_COLOR                     ; -- (Not supported for targeted family)                 ; --            ; DE10_LITE_Golden_Top ; Top                     ;
; PARTITION_FITTER_PRESERVATION_LEVEL ; -- (Not supported for targeted family)                 ; --            ; DE10_LITE_Golden_Top ; Top                     ;
; PARTITION_NETLIST_TYPE              ; -- (Not supported for targeted family)                 ; --            ; DE10_LITE_Golden_Top ; Top                     ;
; POWER_BOARD_THERMAL_MODEL           ; None (CONSERVATIVE)                                    ; --            ; --                   ; --                      ;
; POWER_PRESET_COOLING_SOLUTION       ; 23 MM HEAT SINK WITH 200 LFPM AIRFLOW                  ; --            ; --                   ; --                      ;
; PROJECT_OUTPUT_DIRECTORY            ; output_files                                           ; --            ; --                   ; --                      ;
; SLD_FILE                            ; soc1/synthesis/soc1.regmap                             ; --            ; --                   ; --                      ;
; SLD_FILE                            ; soc1/synthesis/soc1.debuginfo                          ; --            ; --                   ; --                      ;
; SLD_INFO                            ; QSYS_NAME soc1 HAS_SOPCINFO 1 GENERATION_ID 1673987570 ; --            ; soc1                 ; --                      ;
; SOPCINFO_FILE                       ; soc1/synthesis/../../soc1.sopcinfo                     ; --            ; --                   ; --                      ;
; SYNTHESIS_ONLY_QIP                  ; On                                                     ; --            ; --                   ; --                      ;
; TOP_LEVEL_ENTITY                    ; DE10_LITE_Golden_Top                                   ; vga1          ; --                   ; --                      ;
+-------------------------------------+--------------------------------------------------------+---------------+----------------------+-------------------------+


+--------------------------------------------------------------------------------------------------------------------------+
; Flow Elapsed Time                                                                                                        ;
+----------------------+--------------+-------------------------+---------------------+------------------------------------+
; Module Name          ; Elapsed Time ; Average Processors Used ; Peak Virtual Memory ; Total CPU Time (on all processors) ;
+----------------------+--------------+-------------------------+---------------------+------------------------------------+
; Analysis & Synthesis ; 00:01:57     ; 1.0                     ; 5088 MB             ; 00:01:26                           ;
; Fitter               ; 00:00:44     ; 1.5                     ; 5765 MB             ; 00:00:50                           ;
; Assembler            ; 00:00:05     ; 1.0                     ; 4717 MB             ; 00:00:04                           ;
; Timing Analyzer      ; 00:00:11     ; 2.3                     ; 4901 MB             ; 00:00:15                           ;
; Total                ; 00:02:57     ; --                      ; --                  ; 00:02:35                           ;
+----------------------+--------------+-------------------------+---------------------+------------------------------------+


+------------------------------------------------------------------------------------+
; Flow OS Summary                                                                    ;
+----------------------+------------------+------------+------------+----------------+
; Module Name          ; Machine Hostname ; OS Name    ; OS Version ; Processor type ;
+----------------------+------------------+------------+------------+----------------+
; Analysis & Synthesis ; DESKTOP-C9D2IAE  ; Windows 10 ; 10.0       ; x86_64         ;
; Fitter               ; DESKTOP-C9D2IAE  ; Windows 10 ; 10.0       ; x86_64         ;
; Assembler            ; DESKTOP-C9D2IAE  ; Windows 10 ; 10.0       ; x86_64         ;
; Timing Analyzer      ; DESKTOP-C9D2IAE  ; Windows 10 ; 10.0       ; x86_64         ;
+----------------------+------------------+------------+------------+----------------+


------------
; Flow Log ;
------------
quartus_map --read_settings_files=on --write_settings_files=off vga1 -c vga1
quartus_fit --read_settings_files=off --write_settings_files=off vga1 -c vga1
quartus_asm --read_settings_files=off --write_settings_files=off vga1 -c vga1
quartus_sta vga1 -c vga1
quartus_eda --read_settings_files=off --write_settings_files=off vga1 -c vga1



